DEBUG http-bio-80-exec-7 cn.lwy.web.hr.QuestionController - ==>Question [id=null, title=1423, qsttype=1, answer=null, kid=null, kind=null, tags=, score=null, difficult=1, choices=null]
INFO http-bio-80-exec-8 com.alibaba.druid.pool.DruidDataSource - {dataSource-1} inited
DEBUG http-bio-80-exec-9 cn.lwy.web.hr.QuestionController - 123==>Question [id=null, title=null, qsttype=null, answer=null, kid=null, kind=null, tags=null, score=null, difficult=null, choices=null]
DEBUG http-bio-80-exec-9 cn.lwy.web.hr.QuestionController - ====>  answers == null
DEBUG http-bio-80-exec-9 cn.lwy.web.hr.QuestionController - 123==>Question [id=null, title=1324, qsttype=1, answer=null, kid=null, kind=null, tags=14, score=null, difficult=1, choices=null]
DEBUG http-bio-80-exec-9 cn.lwy.web.hr.QuestionController - ====>  answers == null
INFO http-bio-80-exec-8 com.alibaba.druid.pool.DruidDataSource - {dataSource-1} inited
INFO http-bio-80-exec-8 com.alibaba.druid.pool.DruidDataSource - {dataSource-1} inited
INFO http-bio-80-exec-8 com.alibaba.druid.pool.DruidDataSource - {dataSource-1} inited
DEBUG http-bio-80-exec-10 cn.lwy.web.hr.QuestionController - 123==>Question [id=null, title=null, qsttype=null, answer=null, kid=null, kind=null, tags=null, score=null, difficult=null, choices=null]
DEBUG http-bio-80-exec-10 cn.lwy.web.hr.QuestionController - ====>  answers == null
DEBUG http-bio-80-exec-10 cn.lwy.web.hr.QuestionController - 123==>Question [id=null, title=null, qsttype=null, answer=null, kid=null, kind=null, tags=null, score=null, difficult=null, choices=null]
DEBUG http-bio-80-exec-10 cn.lwy.web.hr.QuestionController - ====>  answers == null
DEBUG http-bio-80-exec-10 cn.lwy.web.hr.QuestionController - 123==>Question [id=null, title=null, qsttype=null, answer=null, kid=null, kind=null, tags=null, score=null, difficult=null, choices=null]
DEBUG http-bio-80-exec-10 cn.lwy.web.hr.QuestionController - ====>  answers == null
DEBUG http-bio-80-exec-7 cn.lwy.web.hr.QuestionController - 123==>Question [id=null, title=null, qsttype=null, answer=null, kid=null, kind=null, tags=null, score=null, difficult=null, choices=null]
DEBUG http-bio-80-exec-7 cn.lwy.web.hr.QuestionController - ====>  answers == null
DEBUG http-bio-80-exec-7 cn.lwy.web.hr.QuestionController - 123==>Question [id=null, title=null, qsttype=null, answer=null, kid=null, kind=null, tags=null, score=null, difficult=null, choices=null]
DEBUG http-bio-80-exec-7 cn.lwy.web.hr.QuestionController - ====>  answers == null
DEBUG http-bio-80-exec-7 cn.lwy.web.hr.QuestionController - 123==>Question [id=null, title=null, qsttype=null, answer=null, kid=null, kind=null, tags=null, score=null, difficult=null, choices=null]
DEBUG http-bio-80-exec-7 cn.lwy.web.hr.QuestionController - ====>  answers == null
DEBUG http-bio-80-exec-7 cn.lwy.web.hr.QuestionController - 123==>Question [id=null, title=null, qsttype=null, answer=null, kid=null, kind=null, tags=null, score=null, difficult=null, choices=null]
DEBUG http-bio-80-exec-7 cn.lwy.web.hr.QuestionController - ====>  answers == null
DEBUG http-bio-80-exec-6 cn.lwy.web.hr.QuestionController - 123==>Question [id=null, title=null, qsttype=null, answer=null, kid=null, kind=null, tags=null, score=null, difficult=null, choices=null]
DEBUG http-bio-80-exec-6 cn.lwy.web.hr.QuestionController - ====>  answers == null
DEBUG http-bio-80-exec-2 cn.lwy.web.hr.QuestionController - 123==>Question [id=null, title=null, qsttype=null, answer=null, kid=null, kind=null, tags=null, score=null, difficult=null, choices=null]
DEBUG http-bio-80-exec-2 cn.lwy.web.hr.QuestionController - ====>  answers == null
DEBUG http-bio-80-exec-2 cn.lwy.web.hr.QuestionController - 123==>Question [id=null, title=, qsttype=1, answer=null, kid=null, kind=null, tags=, score=null, difficult=1, choices=null]
DEBUG http-bio-80-exec-2 cn.lwy.web.hr.QuestionController - ====>0
DEBUG http-bio-80-exec-2 cn.lwy.web.hr.QuestionController - 123==>Question [id=null, title=1432, qsttype=1, answer=null, kid=null, kind=null, tags=1423, score=null, difficult=1, choices=null]
DEBUG http-bio-80-exec-2 cn.lwy.web.hr.QuestionController - ====>0
DEBUG http-bio-80-exec-2 cn.lwy.web.hr.QuestionController - 123==>Question [id=null, title=1432, qsttype=1, answer=null, kid=null, kind=null, tags=, score=null, difficult=1, choices=null]
DEBUG http-bio-80-exec-2 cn.lwy.web.hr.QuestionController - ====>2
DEBUG http-bio-80-exec-2 cn.lwy.web.hr.QuestionController - 123==>Question [id=null, title=1243, qsttype=1, answer=null, kid=null, kind=null, tags=14, score=null, difficult=1, choices=null]
DEBUG http-bio-80-exec-2 cn.lwy.web.hr.QuestionController - ====>2
DEBUG http-bio-80-exec-1 cn.lwy.web.hr.QuestionController - 123==>Question [id=null, title=null, qsttype=null, answer=null, kid=null, kind=null, tags=null, score=null, difficult=null, choices=null]
DEBUG http-bio-80-exec-1 cn.lwy.web.hr.QuestionController - ====>  answers == null
DEBUG http-bio-80-exec-10 cn.lwy.web.hr.QuestionController - 123==>Question [id=null, title=null, qsttype=null, answer=null, kid=null, kind=null, tags=null, score=null, difficult=null, choices=null]
DEBUG http-bio-80-exec-10 cn.lwy.web.hr.QuestionController - ====>  answers == null
DEBUG http-bio-80-exec-10 cn.lwy.web.hr.QuestionController - 123==>Question [id=null, title=1423, qsttype=1, answer=null, kid=null, kind=null, tags=132, score=null, difficult=1, choices=null]
DEBUG http-bio-80-exec-10 cn.lwy.web.hr.QuestionController - ====>2
DEBUG http-bio-80-exec-10 cn.lwy.web.hr.QuestionController - 123==>Question [id=null, title=, qsttype=1, answer=null, kid=null, kind=null, tags=, score=null, difficult=1, choices=null]
DEBUG http-bio-80-exec-10 cn.lwy.web.hr.QuestionController - ====>2
INFO http-bio-80-exec-8 com.alibaba.druid.pool.DruidDataSource - {dataSource-1} inited
DEBUG http-bio-80-exec-10 cn.lwy.web.hr.QuestionController - null==>Question [id=null, title=null, qsttype=null, answer=null, kid=null, kind=null, tags=null, score=null, difficult=null, choices=null]
DEBUG http-bio-80-exec-7 cn.lwy.web.hr.QuestionController - ====>answers.length=2
DEBUG http-bio-80-exec-7 cn.lwy.web.hr.QuestionController -   A
DEBUG http-bio-80-exec-7 cn.lwy.web.hr.QuestionController -   
DEBUG http-bio-80-exec-7 cn.lwy.web.hr.QuestionController - <====answers
DEBUG http-bio-80-exec-7 cn.lwy.web.hr.QuestionController - ====>choice.length=10
DEBUG http-bio-80-exec-7 cn.lwy.web.hr.QuestionController -   1243
DEBUG http-bio-80-exec-7 cn.lwy.web.hr.QuestionController -   1423
DEBUG http-bio-80-exec-7 cn.lwy.web.hr.QuestionController -   1243
DEBUG http-bio-80-exec-7 cn.lwy.web.hr.QuestionController -   1423
DEBUG http-bio-80-exec-7 cn.lwy.web.hr.QuestionController -   
DEBUG http-bio-80-exec-7 cn.lwy.web.hr.QuestionController -   
DEBUG http-bio-80-exec-7 cn.lwy.web.hr.QuestionController -   
DEBUG http-bio-80-exec-7 cn.lwy.web.hr.QuestionController -   
DEBUG http-bio-80-exec-7 cn.lwy.web.hr.QuestionController -   
DEBUG http-bio-80-exec-7 cn.lwy.web.hr.QuestionController -   
DEBUG http-bio-80-exec-7 cn.lwy.web.hr.QuestionController - <====answers
DEBUG http-bio-80-exec-1 cn.lwy.web.hr.QuestionController - null==>Question [id=null, title=null, qsttype=null, answer=null, kid=null, kind=null, tags=null, score=null, difficult=null, choices=null]
DEBUG http-bio-80-exec-1 cn.lwy.web.hr.QuestionController - ====>answers.length=4
DEBUG http-bio-80-exec-1 cn.lwy.web.hr.QuestionController -   A
DEBUG http-bio-80-exec-1 cn.lwy.web.hr.QuestionController -   on
DEBUG http-bio-80-exec-1 cn.lwy.web.hr.QuestionController -   on
DEBUG http-bio-80-exec-1 cn.lwy.web.hr.QuestionController -   
DEBUG http-bio-80-exec-1 cn.lwy.web.hr.QuestionController - <====answers
DEBUG http-bio-80-exec-1 cn.lwy.web.hr.QuestionController - ====>choice.length=10
DEBUG http-bio-80-exec-1 cn.lwy.web.hr.QuestionController -   
DEBUG http-bio-80-exec-1 cn.lwy.web.hr.QuestionController -   
DEBUG http-bio-80-exec-1 cn.lwy.web.hr.QuestionController -   
DEBUG http-bio-80-exec-1 cn.lwy.web.hr.QuestionController -   
DEBUG http-bio-80-exec-1 cn.lwy.web.hr.QuestionController -   Aaa
DEBUG http-bio-80-exec-1 cn.lwy.web.hr.QuestionController -   BBB
DEBUG http-bio-80-exec-1 cn.lwy.web.hr.QuestionController -   CCC
DEBUG http-bio-80-exec-1 cn.lwy.web.hr.QuestionController -   DDD
DEBUG http-bio-80-exec-1 cn.lwy.web.hr.QuestionController -   
DEBUG http-bio-80-exec-1 cn.lwy.web.hr.QuestionController -   
DEBUG http-bio-80-exec-1 cn.lwy.web.hr.QuestionController - <====answers
DEBUG http-bio-80-exec-4 cn.lwy.web.hr.QuestionController - null==>Question [id=null, title=null, qsttype=null, answer=null, kid=null, kind=null, tags=null, score=null, difficult=null, choices=null]
DEBUG http-bio-80-exec-4 cn.lwy.web.hr.QuestionController - ====>answers.length=2
DEBUG http-bio-80-exec-4 cn.lwy.web.hr.QuestionController -   A
DEBUG http-bio-80-exec-4 cn.lwy.web.hr.QuestionController -   
DEBUG http-bio-80-exec-4 cn.lwy.web.hr.QuestionController - <====answers
DEBUG http-bio-80-exec-4 cn.lwy.web.hr.QuestionController - ====>choice.length=10
DEBUG http-bio-80-exec-4 cn.lwy.web.hr.QuestionController -   A
DEBUG http-bio-80-exec-4 cn.lwy.web.hr.QuestionController -   B
DEBUG http-bio-80-exec-4 cn.lwy.web.hr.QuestionController -   C
DEBUG http-bio-80-exec-4 cn.lwy.web.hr.QuestionController -   D
DEBUG http-bio-80-exec-4 cn.lwy.web.hr.QuestionController -   
DEBUG http-bio-80-exec-4 cn.lwy.web.hr.QuestionController -   
DEBUG http-bio-80-exec-4 cn.lwy.web.hr.QuestionController -   
DEBUG http-bio-80-exec-4 cn.lwy.web.hr.QuestionController -   
DEBUG http-bio-80-exec-4 cn.lwy.web.hr.QuestionController -   
DEBUG http-bio-80-exec-4 cn.lwy.web.hr.QuestionController -   
DEBUG http-bio-80-exec-4 cn.lwy.web.hr.QuestionController - <====answers
DEBUG http-bio-80-exec-2 cn.lwy.web.hr.QuestionController - null==>Question [id=null, title=null, qsttype=null, answer=null, kid=null, kind=null, tags=null, score=null, difficult=null, choices=null]
DEBUG http-bio-80-exec-2 cn.lwy.web.hr.QuestionController - null==>Question [id=null, title=null, qsttype=null, answer=null, kid=null, kind=null, tags=null, score=null, difficult=null, choices=null]
DEBUG http-bio-80-exec-2 cn.lwy.web.hr.QuestionController - null==>Question [id=null, title=null, qsttype=null, answer=null, kid=null, kind=null, tags=null, score=null, difficult=null, choices=null]
DEBUG http-bio-80-exec-5 cn.lwy.web.hr.QuestionController - ====>answers.length=3
DEBUG http-bio-80-exec-5 cn.lwy.web.hr.QuestionController -   A
DEBUG http-bio-80-exec-5 cn.lwy.web.hr.QuestionController -   B
DEBUG http-bio-80-exec-5 cn.lwy.web.hr.QuestionController -   
DEBUG http-bio-80-exec-5 cn.lwy.web.hr.QuestionController - <====answers
DEBUG http-bio-80-exec-5 cn.lwy.web.hr.QuestionController - ====>choice.length=10
DEBUG http-bio-80-exec-5 cn.lwy.web.hr.QuestionController -   1423
DEBUG http-bio-80-exec-5 cn.lwy.web.hr.QuestionController -   
DEBUG http-bio-80-exec-5 cn.lwy.web.hr.QuestionController -   
DEBUG http-bio-80-exec-5 cn.lwy.web.hr.QuestionController -   
DEBUG http-bio-80-exec-5 cn.lwy.web.hr.QuestionController -   
DEBUG http-bio-80-exec-5 cn.lwy.web.hr.QuestionController -   
DEBUG http-bio-80-exec-5 cn.lwy.web.hr.QuestionController -   
DEBUG http-bio-80-exec-5 cn.lwy.web.hr.QuestionController -   
DEBUG http-bio-80-exec-5 cn.lwy.web.hr.QuestionController -   
DEBUG http-bio-80-exec-5 cn.lwy.web.hr.QuestionController -   
DEBUG http-bio-80-exec-5 cn.lwy.web.hr.QuestionController - <====answers
DEBUG http-bio-80-exec-5 cn.lwy.web.hr.QuestionController - null==>Question [id=null, title=null, qsttype=null, answer=null, kid=null, kind=null, tags=null, score=null, difficult=null, choices=null]
DEBUG http-bio-80-exec-5 cn.lwy.web.hr.QuestionController - ====>answers.length=3
DEBUG http-bio-80-exec-5 cn.lwy.web.hr.QuestionController -   C
DEBUG http-bio-80-exec-5 cn.lwy.web.hr.QuestionController -   A
DEBUG http-bio-80-exec-5 cn.lwy.web.hr.QuestionController -   
DEBUG http-bio-80-exec-5 cn.lwy.web.hr.QuestionController - <====answers
DEBUG http-bio-80-exec-5 cn.lwy.web.hr.QuestionController - ====>choice.length=10
DEBUG http-bio-80-exec-5 cn.lwy.web.hr.QuestionController -   1243
DEBUG http-bio-80-exec-5 cn.lwy.web.hr.QuestionController -   1422
DEBUG http-bio-80-exec-5 cn.lwy.web.hr.QuestionController -   1423
DEBUG http-bio-80-exec-5 cn.lwy.web.hr.QuestionController -   142
DEBUG http-bio-80-exec-5 cn.lwy.web.hr.QuestionController -   
DEBUG http-bio-80-exec-5 cn.lwy.web.hr.QuestionController -   
DEBUG http-bio-80-exec-5 cn.lwy.web.hr.QuestionController -   
DEBUG http-bio-80-exec-5 cn.lwy.web.hr.QuestionController -   
DEBUG http-bio-80-exec-5 cn.lwy.web.hr.QuestionController -   
DEBUG http-bio-80-exec-5 cn.lwy.web.hr.QuestionController -   
DEBUG http-bio-80-exec-5 cn.lwy.web.hr.QuestionController - <====answers
INFO http-bio-80-exec-8 com.alibaba.druid.pool.DruidDataSource - {dataSource-1} inited
DEBUG http-bio-80-exec-1 cn.lwy.web.hr.QuestionController - null==>Question [id=null, title=null, qsttype=null, answer=null, kid=null, kind=null, tags=null, score=null, difficult=null, choices=null]
DEBUG http-bio-80-exec-7 cn.lwy.web.hr.QuestionController - 1 == > A
DEBUG http-bio-80-exec-7 cn.lwy.web.hr.QuestionController - 1 == > [Ljava.lang.String;@61b27edd
DEBUG http-bio-80-exec-7 cn.lwy.web.hr.QuestionController - 2 == > [Ljava.lang.String;@41b265f5
DEBUG http-bio-80-exec-7 cn.lwy.web.hr.QuestionController - 2 == > [Ljava.lang.String;@2a847587
DEBUG http-bio-80-exec-7 cn.lwy.web.hr.QuestionController - 3 == > B
DEBUG http-bio-80-exec-7 cn.lwy.web.hr.QuestionController - 3 == > [Ljava.lang.String;@53fd81f2
DEBUG http-bio-80-exec-7 cn.lwy.web.hr.QuestionController - 4 == > [Ljava.lang.String;@214b59c6
INFO http-bio-80-exec-8 com.alibaba.druid.pool.DruidDataSource - {dataSource-1} inited
DEBUG http-bio-80-exec-10 cn.lwy.web.hr.QuestionController - null==>Question [id=null, title=null, qsttype=null, answer=null, kid=null, kind=null, tags=null, score=null, difficult=null, choices=null]
DEBUG http-bio-80-exec-10 cn.lwy.web.hr.QuestionController - 1 == > A
DEBUG http-bio-80-exec-10 cn.lwy.web.hr.QuestionController - 1 == > 4
DEBUG http-bio-80-exec-10 cn.lwy.web.hr.QuestionController - 2 == > 1
DEBUG http-bio-80-exec-10 cn.lwy.web.hr.QuestionController - 2 == > 4
DEBUG http-bio-80-exec-10 cn.lwy.web.hr.QuestionController - 3 == > B
DEBUG http-bio-80-exec-10 cn.lwy.web.hr.QuestionController - 3 == > 2
DEBUG http-bio-80-exec-10 cn.lwy.web.hr.QuestionController - 4 == > [Ljava.lang.String;@27b5a15
INFO http-bio-80-exec-8 com.alibaba.druid.pool.DruidDataSource - {dataSource-1} inited
DEBUG http-bio-80-exec-7 cn.lwy.web.hr.QuestionController - null==>Question [id=null, title=null, qsttype=null, answer=null, kid=null, kind=null, tags=null, score=null, difficult=null, choices=null]
DEBUG http-bio-80-exec-8 cn.lwy.web.hr.QuestionController - 123==>Question [id=null, title=1423, qsttype=1, answer=null, kid=null, kind=null, tags=1432, score=null, difficult=1, choices=null]
DEBUG http-bio-80-exec-8 cn.lwy.web.hr.QuestionController - 1 == > A
DEBUG http-bio-80-exec-8 cn.lwy.web.hr.QuestionController - 1 == > 4
DEBUG http-bio-80-exec-8 cn.lwy.web.hr.QuestionController - 2 == > 1
DEBUG http-bio-80-exec-8 cn.lwy.web.hr.QuestionController - 2 == > 4
DEBUG http-bio-80-exec-8 cn.lwy.web.hr.QuestionController - 3 == > B
DEBUG http-bio-80-exec-8 cn.lwy.web.hr.QuestionController - 3 == > 2
DEBUG http-bio-80-exec-8 cn.lwy.web.hr.QuestionController - 4 == > [Ljava.lang.String;@6bae133f
INFO http-bio-80-exec-8 com.alibaba.druid.pool.DruidDataSource - {dataSource-1} inited
DEBUG http-bio-80-exec-3 cn.lwy.web.hr.QuestionController - null==>Question [id=null, title=null, qsttype=null, answer=null, kid=null, kind=null, tags=null, score=null, difficult=null, choices=null]
INFO http-bio-80-exec-3 com.alibaba.druid.pool.DruidDataSource - {dataSource-1} inited
INFO http-bio-80-exec-8 com.alibaba.druid.pool.DruidDataSource - {dataSource-1} inited
DEBUG http-bio-80-exec-1 cn.lwy.web.hr.QuestionController - null==>Question [id=null, title=null, qsttype=null, answer=null, kid=null, kind=null, tags=null, score=null, difficult=null, choices=null]
DEBUG http-bio-80-exec-7 cn.lwy.web.hr.QuestionController - 123==>Question [id=null, title=111, qsttype=1, answer=null, kid=null, kind=null, tags=, score=null, difficult=1, choices=null]
DEBUG http-bio-80-exec-7 cn.lwy.web.hr.QuestionController - 1 == > A
DEBUG http-bio-80-exec-7 cn.lwy.web.hr.QuestionController - 1 == > 4
DEBUG http-bio-80-exec-7 cn.lwy.web.hr.QuestionController - 2 == > 1
DEBUG http-bio-80-exec-7 cn.lwy.web.hr.QuestionController - 2 == > 4
DEBUG http-bio-80-exec-7 cn.lwy.web.hr.QuestionController - 3 == > A
DEBUG http-bio-80-exec-7 cn.lwy.web.hr.QuestionController - 3 == > 2
DEBUG http-bio-80-exec-7 cn.lwy.web.hr.QuestionController - 4 == > 
INFO http-bio-80-exec-8 com.alibaba.druid.pool.DruidDataSource - {dataSource-1} inited
DEBUG http-bio-80-exec-10 cn.lwy.web.hr.QuestionController - null==>Question [id=null, title=null, qsttype=null, answer=null, kid=null, kind=null, tags=null, score=null, difficult=null, choices=null]
DEBUG http-bio-80-exec-10 cn.lwy.web.hr.QuestionController - 123==>Question [id=null, title=123, qsttype=1, answer=null, kid=null, kind=null, tags=, score=null, difficult=1, choices=null]
DEBUG http-bio-80-exec-10 cn.lwy.web.hr.QuestionController - 1 == > A
DEBUG http-bio-80-exec-10 cn.lwy.web.hr.QuestionController - 1 == > 4
DEBUG http-bio-80-exec-10 cn.lwy.web.hr.QuestionController - 2 == > 1
DEBUG http-bio-80-exec-10 cn.lwy.web.hr.QuestionController - 2 == > 4
DEBUG http-bio-80-exec-10 cn.lwy.web.hr.QuestionController - 3 == > A
DEBUG http-bio-80-exec-10 cn.lwy.web.hr.QuestionController - 3 == > 2
DEBUG http-bio-80-exec-10 cn.lwy.web.hr.QuestionController - 4 == > 
DEBUG http-bio-80-exec-1 cn.lwy.web.hr.QuestionController - null==>Question [id=null, title=null, qsttype=null, answer=null, kid=null, kind=null, tags=null, score=null, difficult=null, choices=null]
DEBUG http-bio-80-exec-1 cn.lwy.web.hr.QuestionController - 123==>Question [id=null, title=123434214, qsttype=1, answer=null, kid=null, kind=null, tags=, score=null, difficult=1, choices=null]
DEBUG http-bio-80-exec-1 cn.lwy.web.hr.QuestionController - 1 == > A
DEBUG http-bio-80-exec-1 cn.lwy.web.hr.QuestionController - 1 == > 4
DEBUG http-bio-80-exec-1 cn.lwy.web.hr.QuestionController - 2 == > 1
DEBUG http-bio-80-exec-1 cn.lwy.web.hr.QuestionController - 2 == > 4
DEBUG http-bio-80-exec-1 cn.lwy.web.hr.QuestionController - 3 == > A
DEBUG http-bio-80-exec-1 cn.lwy.web.hr.QuestionController - 3 == > 2
DEBUG http-bio-80-exec-1 cn.lwy.web.hr.QuestionController - 4 == > 
DEBUG http-bio-80-exec-1 cn.lwy.web.hr.QuestionController - null==>Question [id=null, title=null, qsttype=null, answer=null, kid=null, kind=null, tags=null, score=null, difficult=null, choices=null]
DEBUG http-bio-80-exec-1 cn.lwy.web.hr.QuestionController - 123==>Question [id=null, title=321414, qsttype=1, answer=null, kid=null, kind=null, tags=, score=null, difficult=1, choices=null]
DEBUG http-bio-80-exec-1 cn.lwy.web.hr.QuestionController - 1 == > A
DEBUG http-bio-80-exec-1 cn.lwy.web.hr.QuestionController - 1 == > 4
DEBUG http-bio-80-exec-1 cn.lwy.web.hr.QuestionController - 2 == > 1
DEBUG http-bio-80-exec-1 cn.lwy.web.hr.QuestionController - 2 == > 4
DEBUG http-bio-80-exec-1 cn.lwy.web.hr.QuestionController - 3 == > A
DEBUG http-bio-80-exec-1 cn.lwy.web.hr.QuestionController - 3 == > 2
DEBUG http-bio-80-exec-1 cn.lwy.web.hr.QuestionController - 4 == > 
INFO http-bio-80-exec-8 com.alibaba.druid.pool.DruidDataSource - {dataSource-1} inited
DEBUG http-bio-80-exec-7 cn.lwy.web.hr.QuestionController - null==>Question [id=null, title=null, qsttype=null, answer=null, kid=null, kind=null, tags=null, score=null, difficult=null, choices=null]
DEBUG http-bio-80-exec-7 cn.lwy.web.hr.QuestionController - 123==>Question [id=null, title=1423, qsttype=1, answer=null, kid=null, kind=null, tags=, score=null, difficult=1, choices=null]
DEBUG http-bio-80-exec-7 cn.lwy.web.hr.QuestionController - 1 == > A
DEBUG http-bio-80-exec-7 cn.lwy.web.hr.QuestionController - 1 == > 4
DEBUG http-bio-80-exec-7 cn.lwy.web.hr.QuestionController - 2 == > 1
DEBUG http-bio-80-exec-7 cn.lwy.web.hr.QuestionController - 2 == > 4
DEBUG http-bio-80-exec-7 cn.lwy.web.hr.QuestionController - 3 == > A
DEBUG http-bio-80-exec-7 cn.lwy.web.hr.QuestionController - 3 == > 2
DEBUG http-bio-80-exec-7 cn.lwy.web.hr.QuestionController - 4 == > 
INFO http-bio-80-exec-8 com.alibaba.druid.pool.DruidDataSource - {dataSource-1} inited
DEBUG http-bio-80-exec-1 cn.lwy.web.hr.QuestionController - null==>Question [id=null, title=null, qsttype=null, answer=null, kid=null, kind=null, tags=null, score=null, difficult=null, choices=null]
DEBUG http-bio-80-exec-7 cn.lwy.web.hr.QuestionController - 123==>Question [id=null, title=465465, qsttype=1, answer=null, kid=null, kind=null, tags=, score=null, difficult=1, choices=null]
DEBUG http-bio-80-exec-7 cn.lwy.web.hr.QuestionController - 1 == > A
DEBUG http-bio-80-exec-7 cn.lwy.web.hr.QuestionController - 1 == > 4
DEBUG http-bio-80-exec-7 cn.lwy.web.hr.QuestionController - 2 == > 1
DEBUG http-bio-80-exec-7 cn.lwy.web.hr.QuestionController - 2 == > 4
DEBUG http-bio-80-exec-7 cn.lwy.web.hr.QuestionController - 3 == > A
DEBUG http-bio-80-exec-7 cn.lwy.web.hr.QuestionController - 3 == > 2
DEBUG http-bio-80-exec-7 cn.lwy.web.hr.QuestionController - 4 == > 
INFO http-bio-80-exec-8 com.alibaba.druid.pool.DruidDataSource - {dataSource-1} inited
DEBUG http-bio-80-exec-1 cn.lwy.web.hr.QuestionController - null==>Question [id=null, title=null, qsttype=null, answer=null, kid=null, kind=null, tags=null, score=null, difficult=null, choices=null]
DEBUG http-bio-80-exec-8 cn.lwy.web.hr.QuestionController - 123==>Question [id=null, title=who are you?, qsttype=2, answer=null, kid=null, kind=null, tags=who name, score=null, difficult=2, choices=null]
DEBUG http-bio-80-exec-8 cn.lwy.web.hr.QuestionController - 1 == > A
DEBUG http-bio-80-exec-8 cn.lwy.web.hr.QuestionController - 1 == > 4
DEBUG http-bio-80-exec-8 cn.lwy.web.hr.QuestionController - 2 == > 2
DEBUG http-bio-80-exec-8 cn.lwy.web.hr.QuestionController - 2 == > 4
DEBUG http-bio-80-exec-8 cn.lwy.web.hr.QuestionController - 3 == > A
DEBUG http-bio-80-exec-8 cn.lwy.web.hr.QuestionController - 3 == > 2
DEBUG http-bio-80-exec-8 cn.lwy.web.hr.QuestionController - 4 == > 
DEBUG http-bio-80-exec-2 cn.lwy.web.hr.QuestionController - null==>Question [id=null, title=null, qsttype=null, answer=null, kid=null, kind=null, tags=null, score=null, difficult=null, choices=null]
DEBUG http-bio-80-exec-2 cn.lwy.web.hr.QuestionController - null==>Question [id=null, title=null, qsttype=null, answer=null, kid=null, kind=null, tags=null, score=null, difficult=null, choices=null]
DEBUG http-bio-80-exec-7 cn.lwy.web.hr.QuestionController - null==>Question [id=null, title=null, qsttype=null, answer=null, kid=null, kind=null, tags=null, score=null, difficult=null, choices=null]
DEBUG http-bio-80-exec-7 cn.lwy.web.hr.QuestionController - null==>Question [id=null, title=null, qsttype=null, answer=null, kid=null, kind=null, tags=null, score=null, difficult=null, choices=null]
DEBUG http-bio-80-exec-5 cn.lwy.web.hr.QuestionController - null==>Question [id=null, title=null, qsttype=null, answer=null, kid=null, kind=null, tags=null, score=null, difficult=null, choices=null]
DEBUG http-bio-80-exec-5 cn.lwy.web.hr.QuestionController - null==>Question [id=null, title=null, qsttype=null, answer=null, kid=null, kind=null, tags=null, score=null, difficult=null, choices=null]
DEBUG http-bio-80-exec-1 cn.lwy.web.hr.QuestionController - null==>Question [id=null, title=null, qsttype=null, answer=null, kid=null, kind=null, tags=null, score=null, difficult=null, choices=null]
DEBUG http-bio-80-exec-10 cn.lwy.web.hr.QuestionController - null==>Question [id=null, title=null, qsttype=null, answer=null, kid=null, kind=null, tags=null, score=null, difficult=null, choices=null]
DEBUG http-bio-80-exec-4 cn.lwy.web.hr.QuestionController - null==>Question [id=null, title=null, qsttype=null, answer=null, kid=null, kind=null, tags=null, score=null, difficult=null, choices=null]
DEBUG http-bio-80-exec-5 cn.lwy.web.hr.QuestionController - null==>Question [id=null, title=null, qsttype=null, answer=null, kid=null, kind=null, tags=null, score=null, difficult=null, choices=null]
DEBUG http-bio-80-exec-1 cn.lwy.web.hr.QuestionController - 123==>Question [id=null, title=who are you?, qsttype=1, answer=null, kid=1, kind=null, tags=ahfsdl afdsjl, score=null, difficult=2, choices=null]
DEBUG http-bio-80-exec-1 cn.lwy.web.hr.QuestionController - 1 == > A
DEBUG http-bio-80-exec-1 cn.lwy.web.hr.QuestionController - 1 == > 4
DEBUG http-bio-80-exec-1 cn.lwy.web.hr.QuestionController - 2 == > 1
DEBUG http-bio-80-exec-1 cn.lwy.web.hr.QuestionController - 2 == > 4
DEBUG http-bio-80-exec-1 cn.lwy.web.hr.QuestionController - 3 == > A
DEBUG http-bio-80-exec-1 cn.lwy.web.hr.QuestionController - 3 == > 2
DEBUG http-bio-80-exec-1 cn.lwy.web.hr.QuestionController - 4 == > 
DEBUG http-bio-80-exec-2 cn.lwy.web.hr.QuestionController - null==>Question [id=null, title=null, qsttype=null, answer=null, kid=null, kind=null, tags=null, score=null, difficult=null, choices=null]
DEBUG http-bio-80-exec-2 cn.lwy.web.hr.QuestionController - 123==>Question [id=null, title=, qsttype=1, answer=null, kid=0, kind=null, tags=, score=null, difficult=1, choices=null]
DEBUG http-bio-80-exec-2 cn.lwy.web.hr.QuestionController - 1 == > A
DEBUG http-bio-80-exec-2 cn.lwy.web.hr.QuestionController - 1 == > 4
DEBUG http-bio-80-exec-2 cn.lwy.web.hr.QuestionController - 2 == > 1
DEBUG http-bio-80-exec-2 cn.lwy.web.hr.QuestionController - 2 == > 4
DEBUG http-bio-80-exec-2 cn.lwy.web.hr.QuestionController - 3 == > A
DEBUG http-bio-80-exec-2 cn.lwy.web.hr.QuestionController - 3 == > 2
DEBUG http-bio-80-exec-2 cn.lwy.web.hr.QuestionController - 4 == > 
DEBUG http-bio-80-exec-10 cn.lwy.web.hr.QuestionController - null==>Question [id=null, title=null, qsttype=null, answer=null, kid=null, kind=null, tags=null, score=null, difficult=null, choices=null]
DEBUG http-bio-80-exec-6 cn.lwy.web.hr.QuestionController - null==>Question [id=null, title=null, qsttype=null, answer=null, kid=null, kind=null, tags=null, score=null, difficult=null, choices=null]
DEBUG http-bio-80-exec-2 cn.lwy.web.hr.QuestionController - 123==>Question [id=null, title=, qsttype=1, answer=null, kid=0, kind=null, tags=, score=null, difficult=1, choices=null]
DEBUG http-bio-80-exec-2 cn.lwy.web.hr.QuestionController - 1 == > A
DEBUG http-bio-80-exec-2 cn.lwy.web.hr.QuestionController - 1 == > 4
DEBUG http-bio-80-exec-2 cn.lwy.web.hr.QuestionController - 2 == > 1
DEBUG http-bio-80-exec-2 cn.lwy.web.hr.QuestionController - 2 == > 4
DEBUG http-bio-80-exec-2 cn.lwy.web.hr.QuestionController - 3 == > A
DEBUG http-bio-80-exec-2 cn.lwy.web.hr.QuestionController - 3 == > 2
DEBUG http-bio-80-exec-2 cn.lwy.web.hr.QuestionController - 4 == > 
DEBUG http-bio-80-exec-7 cn.lwy.web.hr.QuestionController - null==>Question [id=null, title=null, qsttype=null, answer=null, kid=null, kind=null, tags=null, score=null, difficult=null, choices=null]
DEBUG http-bio-80-exec-7 cn.lwy.web.hr.QuestionController - 123==>Question [id=null, title=, qsttype=1, answer=null, kid=0, kind=null, tags=, score=null, difficult=1, choices=null]
DEBUG http-bio-80-exec-7 cn.lwy.web.hr.QuestionController - 1 == > A
DEBUG http-bio-80-exec-7 cn.lwy.web.hr.QuestionController - 1 == > 4
DEBUG http-bio-80-exec-7 cn.lwy.web.hr.QuestionController - 2 == > 1
DEBUG http-bio-80-exec-7 cn.lwy.web.hr.QuestionController - 2 == > 4
DEBUG http-bio-80-exec-7 cn.lwy.web.hr.QuestionController - 3 == > A
DEBUG http-bio-80-exec-7 cn.lwy.web.hr.QuestionController - 3 == > 2
DEBUG http-bio-80-exec-7 cn.lwy.web.hr.QuestionController - 4 == > 
DEBUG http-bio-80-exec-3 cn.lwy.web.hr.QuestionController - null==>Question [id=null, title=null, qsttype=null, answer=null, kid=null, kind=null, tags=null, score=null, difficult=null, choices=null]
DEBUG http-bio-80-exec-3 cn.lwy.web.hr.QuestionController - 123==>Question [id=null, title=, qsttype=1, answer=null, kid=0, kind=null, tags=, score=null, difficult=1, choices=null]
DEBUG http-bio-80-exec-3 cn.lwy.web.hr.QuestionController - 1 == > A
DEBUG http-bio-80-exec-3 cn.lwy.web.hr.QuestionController - 1 == > 4
DEBUG http-bio-80-exec-3 cn.lwy.web.hr.QuestionController - 2 == > 1
DEBUG http-bio-80-exec-3 cn.lwy.web.hr.QuestionController - 2 == > 4
DEBUG http-bio-80-exec-3 cn.lwy.web.hr.QuestionController - 3 == > A
DEBUG http-bio-80-exec-3 cn.lwy.web.hr.QuestionController - 3 == > 2
DEBUG http-bio-80-exec-3 cn.lwy.web.hr.QuestionController - 4 == > 
DEBUG http-bio-80-exec-2 cn.lwy.web.hr.QuestionController - null==>Question [id=null, title=null, qsttype=null, answer=null, kid=null, kind=null, tags=null, score=null, difficult=null, choices=null]
DEBUG http-bio-80-exec-2 cn.lwy.web.hr.QuestionController - 123==>Question [id=null, title=, qsttype=1, answer=null, kid=0, kind=null, tags=, score=null, difficult=1, choices=null]
DEBUG http-bio-80-exec-2 cn.lwy.web.hr.QuestionController - 1 == > A
DEBUG http-bio-80-exec-2 cn.lwy.web.hr.QuestionController - 1 == > 4
DEBUG http-bio-80-exec-2 cn.lwy.web.hr.QuestionController - 2 == > 1
DEBUG http-bio-80-exec-2 cn.lwy.web.hr.QuestionController - 2 == > 4
DEBUG http-bio-80-exec-2 cn.lwy.web.hr.QuestionController - 3 == > A
DEBUG http-bio-80-exec-2 cn.lwy.web.hr.QuestionController - 3 == > 2
DEBUG http-bio-80-exec-2 cn.lwy.web.hr.QuestionController - 4 == > 
DEBUG http-bio-80-exec-8 cn.lwy.web.hr.QuestionController - null==>Question [id=null, title=null, qsttype=null, answer=null, kid=null, kind=null, tags=null, score=null, difficult=null, choices=null]
DEBUG http-bio-80-exec-8 cn.lwy.web.hr.QuestionController - null==>Question [id=null, title=null, qsttype=null, answer=null, kid=null, kind=null, tags=null, score=null, difficult=null, choices=null]
DEBUG http-bio-80-exec-4 cn.lwy.web.hr.QuestionController - null==>Question [id=null, title=null, qsttype=null, answer=null, kid=null, kind=null, tags=null, score=null, difficult=null, choices=null]
DEBUG http-bio-80-exec-8 cn.lwy.web.hr.QuestionController - 123==>Question [id=null, title=, qsttype=1, answer=null, kid=0, kind=null, tags=, score=null, difficult=1, choices=null]
DEBUG http-bio-80-exec-8 cn.lwy.web.hr.QuestionController - 1 == > A
DEBUG http-bio-80-exec-8 cn.lwy.web.hr.QuestionController - 1 == > 4
DEBUG http-bio-80-exec-8 cn.lwy.web.hr.QuestionController - 2 == > 1
DEBUG http-bio-80-exec-8 cn.lwy.web.hr.QuestionController - 2 == > 4
DEBUG http-bio-80-exec-8 cn.lwy.web.hr.QuestionController - 3 == > A
DEBUG http-bio-80-exec-8 cn.lwy.web.hr.QuestionController - 3 == > 2
DEBUG http-bio-80-exec-8 cn.lwy.web.hr.QuestionController - 4 == > 
DEBUG http-bio-80-exec-8 cn.lwy.web.hr.QuestionController - null==>Question [id=null, title=null, qsttype=null, answer=null, kid=null, kind=null, tags=null, score=null, difficult=null, choices=null]
DEBUG http-bio-80-exec-10 cn.lwy.web.hr.QuestionController - null==>Question [id=null, title=null, qsttype=null, answer=null, kid=null, kind=null, tags=null, score=null, difficult=null, choices=null]
DEBUG http-bio-80-exec-4 cn.lwy.web.hr.QuestionController - null==>Question [id=null, title=null, qsttype=null, answer=null, kid=null, kind=null, tags=null, score=null, difficult=null, choices=null]
DEBUG http-bio-80-exec-4 cn.lwy.web.hr.QuestionController - null==>Question [id=null, title=null, qsttype=null, answer=null, kid=null, kind=null, tags=null, score=null, difficult=null, choices=null]
DEBUG http-bio-80-exec-9 cn.lwy.web.hr.QuestionController - null==>Question [id=null, title=null, qsttype=null, answer=null, kid=null, kind=null, tags=null, score=null, difficult=null, choices=null]
DEBUG http-bio-80-exec-3 cn.lwy.web.hr.QuestionController - null==>Question [id=null, title=null, qsttype=null, answer=null, kid=null, kind=null, tags=null, score=null, difficult=null, choices=null]
DEBUG http-bio-80-exec-3 cn.lwy.web.hr.QuestionController - null==>Question [id=null, title=null, qsttype=null, answer=null, kid=null, kind=null, tags=null, score=null, difficult=null, choices=null]
DEBUG http-bio-80-exec-7 cn.lwy.web.hr.QuestionController - null==>Question [id=null, title=null, qsttype=null, answer=null, kid=null, kind=null, tags=null, score=null, difficult=null, choices=null]
DEBUG http-bio-80-exec-9 cn.lwy.web.hr.QuestionController - null==>Question [id=null, title=null, qsttype=null, answer=null, kid=null, kind=null, tags=null, score=null, difficult=null, choices=null]
DEBUG http-bio-80-exec-9 cn.lwy.web.hr.QuestionController - null==>Question [id=null, title=null, qsttype=null, answer=null, kid=null, kind=null, tags=null, score=null, difficult=null, choices=null]
DEBUG http-bio-80-exec-9 cn.lwy.web.hr.QuestionController - null==>Question [id=null, title=null, qsttype=null, answer=null, kid=null, kind=null, tags=null, score=null, difficult=null, choices=null]
DEBUG http-bio-80-exec-3 cn.lwy.web.hr.QuestionController - null==>Question [id=null, title=null, qsttype=null, answer=null, kid=null, kind=null, tags=null, score=null, difficult=null, choices=null]
DEBUG http-bio-80-exec-3 cn.lwy.web.hr.QuestionController - null==>Question [id=null, title=null, qsttype=null, answer=null, kid=null, kind=null, tags=null, score=null, difficult=null, choices=null]
DEBUG http-bio-80-exec-3 cn.lwy.web.hr.QuestionController - null==>Question [id=null, title=null, qsttype=null, answer=null, kid=null, kind=null, tags=null, score=null, difficult=null, choices=null]
INFO http-bio-80-exec-8 com.alibaba.druid.pool.DruidDataSource - {dataSource-1} inited
DEBUG http-bio-80-exec-1 cn.lwy.web.hr.QuestionController - null==>Question [id=null, title=null, qsttype=null, answer=null, kid=null, kind=null, tags=null, score=null, difficult=null, choices=null]
DEBUG http-bio-80-exec-9 cn.lwy.web.hr.QuestionController - null==>Question [id=null, title=null, qsttype=null, answer=null, kid=null, kind=null, tags=null, score=null, difficult=null, choices=null]
DEBUG http-bio-80-exec-9 cn.lwy.web.hr.QuestionController - null==>Question [id=null, title=null, qsttype=null, answer=null, kid=null, kind=null, tags=null, score=null, difficult=null, choices=null]
DEBUG http-bio-80-exec-8 cn.lwy.web.hr.QuestionController - null==>Question [id=null, title=null, qsttype=null, answer=null, kid=null, kind=null, tags=null, score=null, difficult=null, choices=null]
DEBUG http-bio-80-exec-8 cn.lwy.web.hr.QuestionController - null==>Question [id=null, title=null, qsttype=null, answer=null, kid=null, kind=null, tags=null, score=null, difficult=null, choices=null]
DEBUG http-bio-80-exec-3 cn.lwy.web.hr.QuestionController - null==>Question [id=null, title=null, qsttype=null, answer=null, kid=null, kind=null, tags=null, score=null, difficult=null, choices=null]
DEBUG http-bio-80-exec-9 cn.lwy.web.hr.QuestionController - null==>Question [id=null, title=null, qsttype=null, answer=null, kid=null, kind=null, tags=null, score=null, difficult=null, choices=null]
DEBUG http-bio-80-exec-4 cn.lwy.web.hr.QuestionController - null==>Question [id=null, title=null, qsttype=null, answer=null, kid=null, kind=null, tags=null, score=null, difficult=null, choices=null]
DEBUG http-bio-80-exec-4 cn.lwy.web.hr.QuestionController - null==>Question [id=null, title=null, qsttype=null, answer=null, kid=null, kind=null, tags=null, score=null, difficult=null, choices=null]
DEBUG http-bio-80-exec-4 cn.lwy.web.hr.QuestionController - null==>Question [id=null, title=null, qsttype=null, answer=null, kid=null, kind=null, tags=null, score=null, difficult=null, choices=null]
DEBUG http-bio-80-exec-10 cn.lwy.web.hr.QuestionController - 123==>Question [id=null, title=, qsttype=1, answer=null, kid=0, kind=null, tags=, score=null, difficult=1, choices=null]
DEBUG http-bio-80-exec-10 cn.lwy.web.hr.QuestionController - 1 == > A
DEBUG http-bio-80-exec-10 cn.lwy.web.hr.QuestionController - 1 == > 4
DEBUG http-bio-80-exec-10 cn.lwy.web.hr.QuestionController - 2 == > 1
DEBUG http-bio-80-exec-10 cn.lwy.web.hr.QuestionController - 2 == > 4
DEBUG http-bio-80-exec-10 cn.lwy.web.hr.QuestionController - 3 == > A
DEBUG http-bio-80-exec-10 cn.lwy.web.hr.QuestionController - 3 == > 2
DEBUG http-bio-80-exec-10 cn.lwy.web.hr.QuestionController - 4 == > 
DEBUG http-bio-80-exec-7 cn.lwy.web.hr.QuestionController - null==>Question [id=null, title=null, qsttype=null, answer=null, kid=null, kind=null, tags=null, score=null, difficult=null, choices=null]
DEBUG http-bio-80-exec-7 cn.lwy.web.hr.QuestionController - 123==>Question [id=null, title=, qsttype=1, answer=null, kid=0, kind=null, tags=, score=null, difficult=1, choices=null]
DEBUG http-bio-80-exec-7 cn.lwy.web.hr.QuestionController - 1 == > A
DEBUG http-bio-80-exec-7 cn.lwy.web.hr.QuestionController - 1 == > 4
DEBUG http-bio-80-exec-7 cn.lwy.web.hr.QuestionController - 2 == > 1
DEBUG http-bio-80-exec-7 cn.lwy.web.hr.QuestionController - 2 == > 4
DEBUG http-bio-80-exec-7 cn.lwy.web.hr.QuestionController - 3 == > A
DEBUG http-bio-80-exec-7 cn.lwy.web.hr.QuestionController - 3 == > 2
DEBUG http-bio-80-exec-7 cn.lwy.web.hr.QuestionController - 4 == > 
DEBUG http-bio-80-exec-7 cn.lwy.web.hr.QuestionController - null==>Question [id=null, title=null, qsttype=null, answer=null, kid=null, kind=null, tags=null, score=null, difficult=null, choices=null]
DEBUG http-bio-80-exec-7 cn.lwy.web.hr.QuestionController - 123==>Question [id=null, title=, qsttype=1, answer=null, kid=0, kind=null, tags=, score=null, difficult=1, choices=null]
DEBUG http-bio-80-exec-7 cn.lwy.web.hr.QuestionController - 1 == > A
DEBUG http-bio-80-exec-7 cn.lwy.web.hr.QuestionController - 1 == > 4
DEBUG http-bio-80-exec-7 cn.lwy.web.hr.QuestionController - 2 == > 1
DEBUG http-bio-80-exec-7 cn.lwy.web.hr.QuestionController - 2 == > 4
DEBUG http-bio-80-exec-7 cn.lwy.web.hr.QuestionController - 3 == > A
DEBUG http-bio-80-exec-7 cn.lwy.web.hr.QuestionController - 3 == > 2
DEBUG http-bio-80-exec-7 cn.lwy.web.hr.QuestionController - 4 == > 
DEBUG http-bio-80-exec-7 cn.lwy.web.hr.QuestionController - null==>Question [id=null, title=null, qsttype=null, answer=null, kid=null, kind=null, tags=null, score=null, difficult=null, choices=null]
DEBUG http-bio-80-exec-7 cn.lwy.web.hr.QuestionController - 123==>Question [id=null, title=, qsttype=1, answer=null, kid=0, kind=null, tags=, score=null, difficult=1, choices=null]
DEBUG http-bio-80-exec-7 cn.lwy.web.hr.QuestionController - 1 == > A
DEBUG http-bio-80-exec-7 cn.lwy.web.hr.QuestionController - 1 == > 4
DEBUG http-bio-80-exec-7 cn.lwy.web.hr.QuestionController - 2 == > 1
DEBUG http-bio-80-exec-7 cn.lwy.web.hr.QuestionController - 2 == > 4
DEBUG http-bio-80-exec-7 cn.lwy.web.hr.QuestionController - 3 == > A
DEBUG http-bio-80-exec-7 cn.lwy.web.hr.QuestionController - 3 == > 2
DEBUG http-bio-80-exec-7 cn.lwy.web.hr.QuestionController - 4 == > 
DEBUG http-bio-80-exec-6 cn.lwy.web.hr.QuestionController - null==>Question [id=null, title=null, qsttype=null, answer=null, kid=null, kind=null, tags=null, score=null, difficult=null, choices=null]
DEBUG http-bio-80-exec-10 cn.lwy.web.hr.QuestionController - 123==>Question [id=null, title=, qsttype=1, answer=null, kid=0, kind=null, tags=, score=null, difficult=1, choices=null]
DEBUG http-bio-80-exec-10 cn.lwy.web.hr.QuestionController - 1 == > A
DEBUG http-bio-80-exec-10 cn.lwy.web.hr.QuestionController - 1 == > 4
DEBUG http-bio-80-exec-10 cn.lwy.web.hr.QuestionController - 2 == > 1
DEBUG http-bio-80-exec-10 cn.lwy.web.hr.QuestionController - 2 == > 4
DEBUG http-bio-80-exec-10 cn.lwy.web.hr.QuestionController - 3 == > A
DEBUG http-bio-80-exec-10 cn.lwy.web.hr.QuestionController - 3 == > 2
DEBUG http-bio-80-exec-10 cn.lwy.web.hr.QuestionController - 4 == > 
DEBUG http-bio-80-exec-2 cn.lwy.web.hr.QuestionController - null==>Question [id=null, title=null, qsttype=null, answer=null, kid=null, kind=null, tags=null, score=null, difficult=null, choices=null]
DEBUG http-bio-80-exec-2 cn.lwy.web.hr.QuestionController - 123==>Question [id=null, title=, qsttype=1, answer=null, kid=0, kind=null, tags=, score=null, difficult=1, choices=null]
DEBUG http-bio-80-exec-2 cn.lwy.web.hr.QuestionController - 1 == > A
DEBUG http-bio-80-exec-2 cn.lwy.web.hr.QuestionController - 1 == > 4
DEBUG http-bio-80-exec-2 cn.lwy.web.hr.QuestionController - 2 == > 1
DEBUG http-bio-80-exec-2 cn.lwy.web.hr.QuestionController - 2 == > 4
DEBUG http-bio-80-exec-2 cn.lwy.web.hr.QuestionController - 3 == > A
DEBUG http-bio-80-exec-2 cn.lwy.web.hr.QuestionController - 3 == > 2
DEBUG http-bio-80-exec-2 cn.lwy.web.hr.QuestionController - 4 == > 
DEBUG http-bio-80-exec-2 cn.lwy.web.hr.QuestionController - null==>Question [id=null, title=null, qsttype=null, answer=null, kid=null, kind=null, tags=null, score=null, difficult=null, choices=null]
DEBUG http-bio-80-exec-2 cn.lwy.web.hr.QuestionController - 123==>Question [id=null, title=, qsttype=1, answer=null, kid=0, kind=null, tags=, score=null, difficult=1, choices=null]
DEBUG http-bio-80-exec-2 cn.lwy.web.hr.QuestionController - 1 == > A
DEBUG http-bio-80-exec-2 cn.lwy.web.hr.QuestionController - 1 == > 4
DEBUG http-bio-80-exec-2 cn.lwy.web.hr.QuestionController - 2 == > 1
DEBUG http-bio-80-exec-2 cn.lwy.web.hr.QuestionController - 2 == > 4
DEBUG http-bio-80-exec-2 cn.lwy.web.hr.QuestionController - 3 == > A
DEBUG http-bio-80-exec-2 cn.lwy.web.hr.QuestionController - 3 == > 2
DEBUG http-bio-80-exec-2 cn.lwy.web.hr.QuestionController - 4 == > 
DEBUG http-bio-80-exec-4 cn.lwy.web.hr.QuestionController - null==>Question [id=null, title=null, qsttype=null, answer=null, kid=null, kind=null, tags=null, score=null, difficult=null, choices=null]
DEBUG http-bio-80-exec-4 cn.lwy.web.hr.QuestionController - 123==>Question [id=null, title=, qsttype=1, answer=null, kid=0, kind=null, tags=, score=null, difficult=1, choices=null]
DEBUG http-bio-80-exec-4 cn.lwy.web.hr.QuestionController - 1 == > A
DEBUG http-bio-80-exec-4 cn.lwy.web.hr.QuestionController - 1 == > 4
DEBUG http-bio-80-exec-4 cn.lwy.web.hr.QuestionController - 2 == > 1
DEBUG http-bio-80-exec-4 cn.lwy.web.hr.QuestionController - 2 == > 4
DEBUG http-bio-80-exec-4 cn.lwy.web.hr.QuestionController - 3 == > A
DEBUG http-bio-80-exec-4 cn.lwy.web.hr.QuestionController - 3 == > 2
DEBUG http-bio-80-exec-4 cn.lwy.web.hr.QuestionController - 4 == > 
DEBUG http-bio-80-exec-4 cn.lwy.web.hr.QuestionController - null==>Question [id=null, title=null, qsttype=null, answer=null, kid=null, kind=null, tags=null, score=null, difficult=null, choices=null]
DEBUG http-bio-80-exec-10 cn.lwy.web.hr.QuestionController - null==>Question [id=null, title=null, qsttype=null, answer=null, kid=null, kind=null, tags=null, score=null, difficult=null, choices=null]
DEBUG http-bio-80-exec-10 cn.lwy.web.hr.QuestionController - 123==>Question [id=null, title=, qsttype=1, answer=null, kid=0, kind=null, tags=, score=null, difficult=1, choices=null]
DEBUG http-bio-80-exec-10 cn.lwy.web.hr.QuestionController - 1 == > A
DEBUG http-bio-80-exec-10 cn.lwy.web.hr.QuestionController - 1 == > 4
DEBUG http-bio-80-exec-10 cn.lwy.web.hr.QuestionController - 2 == > 1
DEBUG http-bio-80-exec-10 cn.lwy.web.hr.QuestionController - 2 == > 4
DEBUG http-bio-80-exec-10 cn.lwy.web.hr.QuestionController - 3 == > A
DEBUG http-bio-80-exec-10 cn.lwy.web.hr.QuestionController - 3 == > 2
DEBUG http-bio-80-exec-10 cn.lwy.web.hr.QuestionController - 4 == > 
DEBUG http-bio-80-exec-10 cn.lwy.web.hr.QuestionController - null==>Question [id=null, title=null, qsttype=null, answer=null, kid=null, kind=null, tags=null, score=null, difficult=null, choices=null]
DEBUG http-bio-80-exec-1 cn.lwy.web.hr.QuestionController - 123==>Question [id=null, title=, qsttype=1, answer=null, kid=0, kind=null, tags=, score=null, difficult=1, choices=null]
DEBUG http-bio-80-exec-1 cn.lwy.web.hr.QuestionController - 1 == > A
DEBUG http-bio-80-exec-1 cn.lwy.web.hr.QuestionController - 1 == > 4
DEBUG http-bio-80-exec-1 cn.lwy.web.hr.QuestionController - 2 == > 1
DEBUG http-bio-80-exec-1 cn.lwy.web.hr.QuestionController - 2 == > 4
DEBUG http-bio-80-exec-1 cn.lwy.web.hr.QuestionController - 3 == > A
DEBUG http-bio-80-exec-1 cn.lwy.web.hr.QuestionController - 3 == > 2
DEBUG http-bio-80-exec-1 cn.lwy.web.hr.QuestionController - 4 == > 
DEBUG http-bio-80-exec-7 cn.lwy.web.hr.QuestionController - null==>Question [id=null, title=null, qsttype=null, answer=null, kid=null, kind=null, tags=null, score=null, difficult=null, choices=null]
DEBUG http-bio-80-exec-7 cn.lwy.web.hr.QuestionController - 123==>Question [id=null, title=1, qsttype=1, answer=null, kid=0, kind=null, tags=, score=null, difficult=1, choices=null]
DEBUG http-bio-80-exec-7 cn.lwy.web.hr.QuestionController - 1 == > A
DEBUG http-bio-80-exec-7 cn.lwy.web.hr.QuestionController - 1 == > 4
DEBUG http-bio-80-exec-7 cn.lwy.web.hr.QuestionController - 2 == > 1
DEBUG http-bio-80-exec-7 cn.lwy.web.hr.QuestionController - 2 == > 4
DEBUG http-bio-80-exec-7 cn.lwy.web.hr.QuestionController - 3 == > A
DEBUG http-bio-80-exec-7 cn.lwy.web.hr.QuestionController - 3 == > 2
DEBUG http-bio-80-exec-7 cn.lwy.web.hr.QuestionController - 4 == > 
DEBUG http-bio-80-exec-7 cn.lwy.web.hr.QuestionController - null==>Question [id=null, title=null, qsttype=null, answer=null, kid=null, kind=null, tags=null, score=null, difficult=null, choices=null]
DEBUG http-bio-80-exec-7 cn.lwy.web.hr.QuestionController - 123==>Question [id=null, title=1, qsttype=1, answer=null, kid=0, kind=null, tags=, score=null, difficult=1, choices=null]
DEBUG http-bio-80-exec-7 cn.lwy.web.hr.QuestionController - 1 == > A
DEBUG http-bio-80-exec-7 cn.lwy.web.hr.QuestionController - 1 == > 4
DEBUG http-bio-80-exec-7 cn.lwy.web.hr.QuestionController - 2 == > 1
DEBUG http-bio-80-exec-7 cn.lwy.web.hr.QuestionController - 2 == > 4
DEBUG http-bio-80-exec-7 cn.lwy.web.hr.QuestionController - 3 == > A
DEBUG http-bio-80-exec-7 cn.lwy.web.hr.QuestionController - 3 == > 2
DEBUG http-bio-80-exec-7 cn.lwy.web.hr.QuestionController - 4 == > 
DEBUG http-bio-80-exec-7 cn.lwy.web.hr.QuestionController - null==>Question [id=null, title=null, qsttype=null, answer=null, kid=null, kind=null, tags=null, score=null, difficult=null, choices=null]
DEBUG http-bio-80-exec-7 cn.lwy.web.hr.QuestionController - 123==>Question [id=null, title=1, qsttype=1, answer=null, kid=0, kind=null, tags=, score=null, difficult=1, choices=null]
DEBUG http-bio-80-exec-7 cn.lwy.web.hr.QuestionController - 1 == > A
DEBUG http-bio-80-exec-7 cn.lwy.web.hr.QuestionController - 1 == > 4
DEBUG http-bio-80-exec-7 cn.lwy.web.hr.QuestionController - 2 == > 1
DEBUG http-bio-80-exec-7 cn.lwy.web.hr.QuestionController - 2 == > 4
DEBUG http-bio-80-exec-7 cn.lwy.web.hr.QuestionController - 3 == > A
DEBUG http-bio-80-exec-7 cn.lwy.web.hr.QuestionController - 3 == > 2
DEBUG http-bio-80-exec-7 cn.lwy.web.hr.QuestionController - 4 == > 
DEBUG http-bio-80-exec-7 cn.lwy.web.hr.QuestionController - null==>Question [id=null, title=null, qsttype=null, answer=null, kid=null, kind=null, tags=null, score=null, difficult=null, choices=null]
DEBUG http-bio-80-exec-7 cn.lwy.web.hr.QuestionController - null==>Question [id=null, title=null, qsttype=null, answer=null, kid=null, kind=null, tags=null, score=null, difficult=null, choices=null]
DEBUG http-bio-80-exec-10 cn.lwy.web.hr.QuestionController - null==>Question [id=null, title=null, qsttype=null, answer=null, kid=null, kind=null, tags=null, score=null, difficult=null, choices=null]
DEBUG http-bio-80-exec-6 cn.lwy.web.hr.QuestionController - null==>Question [id=null, title=null, qsttype=null, answer=null, kid=null, kind=null, tags=null, score=null, difficult=null, choices=null]
DEBUG http-bio-80-exec-5 cn.lwy.web.hr.QuestionController - null==>Question [id=null, title=null, qsttype=null, answer=null, kid=null, kind=null, tags=null, score=null, difficult=null, choices=null]
DEBUG http-bio-80-exec-9 cn.lwy.web.hr.QuestionController - null==>Question [id=null, title=null, qsttype=null, answer=null, kid=null, kind=null, tags=null, score=null, difficult=null, choices=null]
DEBUG http-bio-80-exec-6 cn.lwy.web.hr.QuestionController - null==>Question [id=null, title=null, qsttype=null, answer=null, kid=null, kind=null, tags=null, score=null, difficult=null, choices=null]
DEBUG http-bio-80-exec-7 cn.lwy.web.hr.QuestionController - null==>Question [id=null, title=null, qsttype=null, answer=null, kid=null, kind=null, tags=null, score=null, difficult=null, choices=null]
DEBUG http-bio-80-exec-7 cn.lwy.web.hr.QuestionController - 123==>Question [id=null, title=1, qsttype=1, answer=null, kid=0, kind=null, tags=1, score=1, difficult=1, choices=null]
DEBUG http-bio-80-exec-7 cn.lwy.web.hr.QuestionController - 1 == > A
DEBUG http-bio-80-exec-7 cn.lwy.web.hr.QuestionController - 1 == > 4
DEBUG http-bio-80-exec-7 cn.lwy.web.hr.QuestionController - 2 == > 1
DEBUG http-bio-80-exec-7 cn.lwy.web.hr.QuestionController - 2 == > 4
DEBUG http-bio-80-exec-7 cn.lwy.web.hr.QuestionController - 3 == > A
DEBUG http-bio-80-exec-7 cn.lwy.web.hr.QuestionController - 3 == > 2
DEBUG http-bio-80-exec-7 cn.lwy.web.hr.QuestionController - 4 == > 
DEBUG http-bio-80-exec-7 cn.lwy.web.hr.QuestionController - null==>Question [id=null, title=null, qsttype=null, answer=null, kid=null, kind=null, tags=null, score=null, difficult=null, choices=null]
DEBUG http-bio-80-exec-6 cn.lwy.web.hr.QuestionController - null==>Question [id=null, title=null, qsttype=null, answer=null, kid=null, kind=null, tags=null, score=null, difficult=null, choices=null]
DEBUG http-bio-80-exec-6 cn.lwy.web.hr.QuestionController - 123==>Question [id=null, title=1423, qsttype=1, answer=null, kid=2, kind=null, tags=1243, score=1, difficult=1, choices=null]
DEBUG http-bio-80-exec-6 cn.lwy.web.hr.QuestionController - 1 == > A
DEBUG http-bio-80-exec-6 cn.lwy.web.hr.QuestionController - 1 == > 4
DEBUG http-bio-80-exec-6 cn.lwy.web.hr.QuestionController - 2 == > 1
DEBUG http-bio-80-exec-6 cn.lwy.web.hr.QuestionController - 2 == > 4
DEBUG http-bio-80-exec-6 cn.lwy.web.hr.QuestionController - 3 == > A
DEBUG http-bio-80-exec-6 cn.lwy.web.hr.QuestionController - 3 == > 2
DEBUG http-bio-80-exec-6 cn.lwy.web.hr.QuestionController - 4 == > 
INFO http-bio-80-exec-8 com.alibaba.druid.pool.DruidDataSource - {dataSource-1} inited
INFO http-bio-80-exec-3 com.alibaba.druid.pool.DruidDataSource - {dataSource-1} inited
INFO http-bio-80-exec-3 com.alibaba.druid.pool.DruidDataSource - {dataSource-1} inited
INFO http-bio-80-exec-3 com.alibaba.druid.pool.DruidDataSource - {dataSource-1} inited
INFO http-bio-80-exec-8 com.alibaba.druid.pool.DruidDataSource - {dataSource-1} inited
INFO http-bio-80-exec-3 com.alibaba.druid.pool.DruidDataSource - {dataSource-1} inited
INFO http-bio-80-exec-8 com.alibaba.druid.pool.DruidDataSource - {dataSource-1} inited
INFO http-bio-80-exec-8 com.alibaba.druid.pool.DruidDataSource - {dataSource-1} inited
INFO http-bio-80-exec-3 com.alibaba.druid.pool.DruidDataSource - {dataSource-1} inited
INFO http-bio-80-exec-3 com.alibaba.druid.pool.DruidDataSource - {dataSource-1} inited
INFO http-bio-80-exec-3 com.alibaba.druid.pool.DruidDataSource - {dataSource-1} inited
INFO http-bio-80-exec-3 com.alibaba.druid.pool.DruidDataSource - {dataSource-1} inited
INFO http-bio-80-exec-3 com.alibaba.druid.pool.DruidDataSource - {dataSource-1} inited
INFO http-bio-80-exec-3 com.alibaba.druid.pool.DruidDataSource - {dataSource-1} inited
INFO http-bio-80-exec-8 com.alibaba.druid.pool.DruidDataSource - {dataSource-1} inited
INFO http-bio-80-exec-3 com.alibaba.druid.pool.DruidDataSource - {dataSource-1} inited
INFO http-bio-80-exec-8 com.alibaba.druid.pool.DruidDataSource - {dataSource-1} inited
